<?xml version="1.0" encoding="UTF-8"?>
<!-- Generated by org.testng.reporters.JUnitReportReporter -->
<testsuite hostname="DHIRAJ" failures="0" tests="1" name="basicScript.Instagram" time="4.367" errors="0" timestamp="2024-12-20T16:52:36 IST" skipped="0">
  <testcase classname="basicScript.Instagram" name="insta" time="4.367"/>
</testsuite> <!-- basicScript.Instagram -->
