<?xml version="1.0" encoding="UTF-8"?>
<!-- Generated by org.testng.reporters.JUnitReportReporter -->
<testsuite hostname="DHIRAJ" failures="0" tests="1" name="basicScript.MavenExample" time="5.242" errors="0" timestamp="2024-12-20T16:52:48 IST" skipped="0">
  <testcase classname="basicScript.MavenExample" name="project" time="5.242"/>
</testsuite> <!-- basicScript.MavenExample -->
